<?xml version="1.0" encoding="UTF-8"?>
<!-- Generated by org.testng.reporters.JUnitXMLReporter -->
<testsuite ignored="0" hostname="DESKTOP-RGJHHO9" failures="0" tests="4" name="API&#039;s" time="7.574" errors="0" timestamp="2020-12-30T21:38:49 IST">
  <testcase classname="test.test_DELETE_API" name="test_Delete" time="4.16"/>
  <testcase classname="test.test_GET_API" name="test_Get" time="2.359"/>
  <testcase classname="test.test_PUT_API" name="test_Put" time="0.56"/>
  <testcase classname="test.test_POST_API" name="test_Post" time="0.398"/>
</testsuite> <!-- API's -->
