<?xml version="1.0" encoding="UTF-8"?>
<testng-results ignored="0" total="1" passed="1" failed="0" skipped="0">
  <reporter-output>
  </reporter-output>
  <suite started-at="2020-12-31T09:15:08 IST" name="Default suite" finished-at="2020-12-31T09:15:16 IST" duration-ms="7333">
    <groups>
    </groups>
    <test started-at="2020-12-31T09:15:08 IST" name="Default test" finished-at="2020-12-31T09:15:16 IST" duration-ms="7333">
      <class name="test.test_Json_Validator">
        <test-method signature="test_JsonValidator()[pri:0, instance:test.test_Json_Validator@1ffe63b9]" started-at="2020-12-31T09:15:09 IST" name="test_JsonValidator" finished-at="2020-12-31T09:15:16 IST" duration-ms="7258" status="PASS">
          <reporter-output>
          </reporter-output>
        </test-method> <!-- test_JsonValidator -->
      </class> <!-- test.test_Json_Validator -->
    </test> <!-- Default test -->
  </suite> <!-- Default suite -->
</testng-results>
